<?xml version="1.0" encoding="UTF-8"?>
<coverage generated="1527780518853" clover="3.2.0">
  <project timestamp="1527780518853" name="All files">
    <metrics statements="42" coveredstatements="29" conditionals="0" coveredconditionals="0" methods="16" coveredmethods="4" elements="58" coveredelements="33" complexity="0" loc="42" ncloc="42" packages="5" files="5" classes="5">
      <package name="components.Header">
        <metrics statements="4" coveredstatements="4" conditionals="0" coveredconditionals="0" methods="1" coveredmethods="1"/>
        <file name="index.jsx" path="/Volumes/StoreEx/NOS-DEV/helloWorld/src/components/Header/index.jsx">
          <metrics statements="4" coveredstatements="4" conditionals="0" coveredconditionals="0" methods="1" coveredmethods="1"/>
          <line num="7" count="2" type="stmt"/>
          <line num="19" count="2" type="stmt"/>
          <line num="20" count="4" type="stmt"/>
          <line num="26" count="2" type="stmt"/>
        </file>
      </package>
      <package name="components.NOSActions">
        <metrics statements="26" coveredstatements="17" conditionals="0" coveredconditionals="0" methods="10" coveredmethods="1"/>
        <file name="index.jsx" path="/Volumes/StoreEx/NOS-DEV/helloWorld/src/components/NOSActions/index.jsx">
          <metrics statements="26" coveredstatements="17" conditionals="0" coveredconditionals="0" methods="10" coveredmethods="1"/>
          <line num="6" count="2" type="stmt"/>
          <line num="8" count="2" type="stmt"/>
          <line num="16" count="0" type="stmt"/>
          <line num="21" count="0" type="stmt"/>
          <line num="27" count="2" type="stmt"/>
          <line num="29" count="2" type="stmt"/>
          <line num="30" count="2" type="stmt"/>
          <line num="31" count="2" type="stmt"/>
          <line num="34" count="2" type="stmt"/>
          <line num="37" count="2" type="stmt"/>
          <line num="40" count="2" type="stmt"/>
          <line num="43" count="2" type="stmt"/>
          <line num="46" count="2" type="stmt"/>
          <line num="47" count="2" type="stmt"/>
          <line num="49" count="2" type="stmt"/>
          <line num="50" count="2" type="stmt"/>
          <line num="51" count="2" type="stmt"/>
          <line num="53" count="2" type="stmt"/>
          <line num="55" count="0" type="stmt"/>
          <line num="60" count="0" type="stmt"/>
          <line num="66" count="0" type="stmt"/>
          <line num="72" count="0" type="stmt"/>
          <line num="80" count="0" type="stmt"/>
          <line num="84" count="0" type="stmt"/>
          <line num="97" count="0" type="stmt"/>
          <line num="106" count="2" type="stmt"/>
        </file>
      </package>
      <package name="components.SpinningLogo">
        <metrics statements="4" coveredstatements="4" conditionals="0" coveredconditionals="0" methods="1" coveredmethods="1"/>
        <file name="index.jsx" path="/Volumes/StoreEx/NOS-DEV/helloWorld/src/components/SpinningLogo/index.jsx">
          <metrics statements="4" coveredstatements="4" conditionals="0" coveredconditionals="0" methods="1" coveredmethods="1"/>
          <line num="7" count="3" type="stmt"/>
          <line num="24" count="3" type="stmt"/>
          <line num="25" count="5" type="stmt"/>
          <line num="30" count="3" type="stmt"/>
        </file>
      </package>
      <package name="nos">
        <metrics statements="4" coveredstatements="0" conditionals="0" coveredconditionals="0" methods="3" coveredmethods="0"/>
        <file name="index.jsx" path="/Volumes/StoreEx/NOS-DEV/helloWorld/src/nos/index.jsx">
          <metrics statements="4" coveredstatements="0" conditionals="0" coveredconditionals="0" methods="3" coveredmethods="0"/>
          <line num="1" count="0" type="stmt"/>
          <line num="2" count="0" type="stmt"/>
          <line num="6" count="0" type="stmt"/>
          <line num="7" count="0" type="stmt"/>
        </file>
      </package>
      <package name="views.App">
        <metrics statements="4" coveredstatements="4" conditionals="0" coveredconditionals="0" methods="1" coveredmethods="1"/>
        <file name="index.js" path="/Volumes/StoreEx/NOS-DEV/helloWorld/src/views/App/index.js">
          <metrics statements="4" coveredstatements="4" conditionals="0" coveredconditionals="0" methods="1" coveredmethods="1"/>
          <line num="8" count="1" type="stmt"/>
          <line num="29" count="1" type="stmt"/>
          <line num="30" count="1" type="stmt"/>
          <line num="41" count="1" type="stmt"/>
        </file>
      </package>
    </metrics>
  </project>
</coverage>
