{"/Volumes/StoreEx/NOS-DEV/helloWorld/src/components/Header/index.jsx": {"path":"/Volumes/StoreEx/NOS-DEV/helloWorld/src/components/Header/index.jsx","statementMap":{"0":{"start":{"line":7,"column":15},"end":{"line":17,"column":1}},"1":{"start":{"line":19,"column":15},"end":{"line":24,"column":1}},"2":{"start":{"line":20,"column":2},"end":{"line":23,"column":11}},"3":{"start":{"line":26,"column":0},"end":{"line":29,"column":2}}},"fnMap":{"0":{"name":"(anonymous_0)","decl":{"start":{"line":19,"column":15},"end":{"line":19,"column":16}},"loc":{"start":{"line":20,"column":2},"end":{"line":23,"column":11}},"line":20}},"branchMap":{},"s":{"0":2,"1":2,"2":4,"3":2},"f":{"0":4},"b":{},"_coverageSchema":"332fd63041d2c1bcb487cc26dd0d5f7d97098a6c","hash":"2af2580bb8575e6325629180fa2da6af27dd084e"}
,"/Volumes/StoreEx/NOS-DEV/helloWorld/src/components/NOSActions/index.jsx": {"path":"/Volumes/StoreEx/NOS-DEV/helloWorld/src/components/NOSActions/index.jsx","statementMap":{"0":{"start":{"line":6,"column":32},"end":{"line":6,"column":45}},"1":{"start":{"line":8,"column":15},"end":{"line":13,"column":1}},"2":{"start":{"line":16,"column":30},"end":{"line":16,"column":47}},"3":{"start":{"line":21,"column":4},"end":{"line":24,"column":19}},"4":{"start":{"line":27,"column":29},"end":{"line":27,"column":39}},"5":{"start":{"line":29,"column":16},"end":{"line":29,"column":82}},"6":{"start":{"line":30,"column":16},"end":{"line":30,"column":82}},"7":{"start":{"line":31,"column":16},"end":{"line":31,"column":58}},"8":{"start":{"line":34,"column":23},"end":{"line":34,"column":25}},"9":{"start":{"line":37,"column":22},"end":{"line":37,"column":24}},"10":{"start":{"line":40,"column":17},"end":{"line":40,"column":19}},"11":{"start":{"line":43,"column":16},"end":{"line":43,"column":18}},"12":{"start":{"line":46,"column":22},"end":{"line":46,"column":24}},"13":{"start":{"line":47,"column":19},"end":{"line":47,"column":21}},"14":{"start":{"line":49,"column":19},"end":{"line":49,"column":50}},"15":{"start":{"line":50,"column":23},"end":{"line":50,"column":42}},"16":{"start":{"line":51,"column":17},"end":{"line":51,"column":50}},"17":{"start":{"line":53,"column":4},"end":{"line":102,"column":6}},"18":{"start":{"line":55,"column":58},"end":{"line":55,"column":92}},"19":{"start":{"line":60,"column":25},"end":{"line":60,"column":73}},"20":{"start":{"line":66,"column":25},"end":{"line":66,"column":73}},"21":{"start":{"line":72,"column":25},"end":{"line":72,"column":73}},"22":{"start":{"line":80,"column":58},"end":{"line":80,"column":90}},"23":{"start":{"line":84,"column":58},"end":{"line":84,"column":98}},"24":{"start":{"line":97,"column":25},"end":{"line":97,"column":69}},"25":{"start":{"line":106,"column":0},"end":{"line":109,"column":2}}},"fnMap":{"0":{"name":"(anonymous_0)","decl":{"start":{"line":16,"column":16},"end":{"line":16,"column":17}},"loc":{"start":{"line":16,"column":30},"end":{"line":16,"column":47}},"line":16},"1":{"name":"(anonymous_1)","decl":{"start":{"line":20,"column":19},"end":{"line":20,"column":20}},"loc":{"start":{"line":21,"column":4},"end":{"line":24,"column":19}},"line":21},"2":{"name":"(anonymous_2)","decl":{"start":{"line":26,"column":2},"end":{"line":26,"column":3}},"loc":{"start":{"line":26,"column":11},"end":{"line":103,"column":3}},"line":26},"3":{"name":"(anonymous_3)","decl":{"start":{"line":55,"column":52},"end":{"line":55,"column":53}},"loc":{"start":{"line":55,"column":58},"end":{"line":55,"column":92}},"line":55},"4":{"name":"(anonymous_4)","decl":{"start":{"line":60,"column":19},"end":{"line":60,"column":20}},"loc":{"start":{"line":60,"column":25},"end":{"line":60,"column":73}},"line":60},"5":{"name":"(anonymous_5)","decl":{"start":{"line":66,"column":19},"end":{"line":66,"column":20}},"loc":{"start":{"line":66,"column":25},"end":{"line":66,"column":73}},"line":66},"6":{"name":"(anonymous_6)","decl":{"start":{"line":72,"column":19},"end":{"line":72,"column":20}},"loc":{"start":{"line":72,"column":25},"end":{"line":72,"column":73}},"line":72},"7":{"name":"(anonymous_7)","decl":{"start":{"line":80,"column":52},"end":{"line":80,"column":53}},"loc":{"start":{"line":80,"column":58},"end":{"line":80,"column":90}},"line":80},"8":{"name":"(anonymous_8)","decl":{"start":{"line":84,"column":52},"end":{"line":84,"column":53}},"loc":{"start":{"line":84,"column":58},"end":{"line":84,"column":98}},"line":84},"9":{"name":"(anonymous_9)","decl":{"start":{"line":97,"column":19},"end":{"line":97,"column":20}},"loc":{"start":{"line":97,"column":25},"end":{"line":97,"column":69}},"line":97}},"branchMap":{},"s":{"0":2,"1":2,"2":0,"3":0,"4":2,"5":2,"6":2,"7":2,"8":2,"9":2,"10":2,"11":2,"12":2,"13":2,"14":2,"15":2,"16":2,"17":2,"18":0,"19":0,"20":0,"21":0,"22":0,"23":0,"24":0,"25":2},"f":{"0":0,"1":0,"2":2,"3":0,"4":0,"5":0,"6":0,"7":0,"8":0,"9":0},"b":{},"_coverageSchema":"332fd63041d2c1bcb487cc26dd0d5f7d97098a6c","hash":"05df67ee8f2e3501a576a4b1b9cd7236039b5a21"}
,"/Volumes/StoreEx/NOS-DEV/helloWorld/src/components/SpinningLogo/index.jsx": {"path":"/Volumes/StoreEx/NOS-DEV/helloWorld/src/components/SpinningLogo/index.jsx","statementMap":{"0":{"start":{"line":7,"column":15},"end":{"line":22,"column":1}},"1":{"start":{"line":24,"column":21},"end":{"line":28,"column":1}},"2":{"start":{"line":25,"column":2},"end":{"line":27,"column":8}},"3":{"start":{"line":30,"column":0},"end":{"line":32,"column":2}}},"fnMap":{"0":{"name":"(anonymous_0)","decl":{"start":{"line":24,"column":21},"end":{"line":24,"column":22}},"loc":{"start":{"line":25,"column":2},"end":{"line":27,"column":8}},"line":25}},"branchMap":{},"s":{"0":3,"1":3,"2":5,"3":3},"f":{"0":5},"b":{},"_coverageSchema":"332fd63041d2c1bcb487cc26dd0d5f7d97098a6c","hash":"02c25fcbb874acca88b254a15e5878151d15dd3d"}
,"/Volumes/StoreEx/NOS-DEV/helloWorld/src/nos/index.jsx": {"path":"/Volumes/StoreEx/NOS-DEV/helloWorld/src/nos/index.jsx","statementMap":{"0":{"start":{"line":1,"column":0},"end":{"line":null,"column":-1}},"1":{"start":{"line":2,"column":0},"end":{"line":null,"column":-1}},"2":{"start":{"line":6,"column":18},"end":{"line":6,"column":0}},"3":{"start":{"line":6,"column":18},"end":{"line":null,"column":-1}},"4":{"start":{"line":6,"column":31},"end":{"line":null,"column":-1}},"5":{"start":{"line":7,"column":13},"end":{"line":null,"column":-1}}},"fnMap":{"0":{"name":"injectNOS","decl":{"start":{"line":6,"column":6},"end":{"line":6,"column":18}},"loc":{"start":{"line":6,"column":18},"end":{"line":6,"column":0}}},"1":{"name":"(anonymous_3)","decl":{"start":{"line":6,"column":31},"end":{"line":null,"column":-1}},"loc":{"start":{"line":6,"column":31},"end":{"line":6,"column":18}}},"2":{"name":"(anonymous_4)","decl":{"start":{"line":7,"column":13},"end":{"line":null,"column":-1}},"loc":{"start":{"line":7,"column":13},"end":{"line":null,"column":-1}}}},"branchMap":{},"s":{"0":0,"1":0,"2":0,"3":0,"4":0,"5":0},"f":{"0":0,"1":0,"2":0},"b":{}}
,"/Volumes/StoreEx/NOS-DEV/helloWorld/src/views/App/index.js": {"path":"/Volumes/StoreEx/NOS-DEV/helloWorld/src/views/App/index.js","statementMap":{"0":{"start":{"line":8,"column":15},"end":{"line":27,"column":1}},"1":{"start":{"line":29,"column":12},"end":{"line":39,"column":1}},"2":{"start":{"line":30,"column":2},"end":{"line":38,"column":8}},"3":{"start":{"line":41,"column":0},"end":{"line":43,"column":2}}},"fnMap":{"0":{"name":"(anonymous_0)","decl":{"start":{"line":29,"column":12},"end":{"line":29,"column":13}},"loc":{"start":{"line":30,"column":2},"end":{"line":38,"column":8}},"line":30}},"branchMap":{},"s":{"0":1,"1":1,"2":1,"3":1},"f":{"0":1},"b":{},"_coverageSchema":"332fd63041d2c1bcb487cc26dd0d5f7d97098a6c","hash":"7e728045883b39ce49fe2ed825a41b8cfcf0d2eb"}
}
