TN:
SF:/Volumes/StoreEx/NOS-DEV/helloWorld/src/components/Header/index.jsx
FN:19,(anonymous_0)
FNF:1
FNH:1
FNDA:4,(anonymous_0)
DA:7,2
DA:19,2
DA:20,4
DA:26,2
LF:4
LH:4
BRF:0
BRH:0
end_of_record
TN:
SF:/Volumes/StoreEx/NOS-DEV/helloWorld/src/components/NOSActions/index.jsx
FN:16,(anonymous_0)
FN:20,(anonymous_1)
FN:26,(anonymous_2)
FN:55,(anonymous_3)
FN:60,(anonymous_4)
FN:66,(anonymous_5)
FN:72,(anonymous_6)
FN:80,(anonymous_7)
FN:84,(anonymous_8)
FN:97,(anonymous_9)
FNF:10
FNH:1
FNDA:0,(anonymous_0)
FNDA:0,(anonymous_1)
FNDA:2,(anonymous_2)
FNDA:0,(anonymous_3)
FNDA:0,(anonymous_4)
FNDA:0,(anonymous_5)
FNDA:0,(anonymous_6)
FNDA:0,(anonymous_7)
FNDA:0,(anonymous_8)
FNDA:0,(anonymous_9)
DA:6,2
DA:8,2
DA:16,0
DA:21,0
DA:27,2
DA:29,2
DA:30,2
DA:31,2
DA:34,2
DA:37,2
DA:40,2
DA:43,2
DA:46,2
DA:47,2
DA:49,2
DA:50,2
DA:51,2
DA:53,2
DA:55,0
DA:60,0
DA:66,0
DA:72,0
DA:80,0
DA:84,0
DA:97,0
DA:106,2
LF:26
LH:17
BRF:0
BRH:0
end_of_record
TN:
SF:/Volumes/StoreEx/NOS-DEV/helloWorld/src/components/SpinningLogo/index.jsx
FN:24,(anonymous_0)
FNF:1
FNH:1
FNDA:5,(anonymous_0)
DA:7,3
DA:24,3
DA:25,5
DA:30,3
LF:4
LH:4
BRF:0
BRH:0
end_of_record
TN:
SF:/Volumes/StoreEx/NOS-DEV/helloWorld/src/nos/index.jsx
FN:6,injectNOS
FN:6,(anonymous_3)
FN:7,(anonymous_4)
FNF:3
FNH:0
FNDA:0,injectNOS
FNDA:0,(anonymous_3)
FNDA:0,(anonymous_4)
DA:1,0
DA:2,0
DA:6,0
DA:7,0
LF:4
LH:0
BRF:0
BRH:0
end_of_record
TN:
SF:/Volumes/StoreEx/NOS-DEV/helloWorld/src/views/App/index.js
FN:29,(anonymous_0)
FNF:1
FNH:1
FNDA:1,(anonymous_0)
DA:8,1
DA:29,1
DA:30,1
DA:41,1
LF:4
LH:4
BRF:0
BRH:0
end_of_record
